<?xml version="1.0" encoding="UTF-8"?>
<testng-results skipped="0" failed="0" total="1" passed="1">
  <reporter-output>
  </reporter-output>
  <suite name="Default suite" duration-ms="16197" started-at="2020-03-18T12:55:11Z" finished-at="2020-03-18T12:55:28Z">
    <groups>
    </groups>
    <test name="Default test" duration-ms="16197" started-at="2020-03-18T12:55:11Z" finished-at="2020-03-18T12:55:28Z">
      <class name="example.signin">
        <test-method status="PASS" signature="beforeTest()[pri:0, instance:example.signin@7d68ef40]" name="beforeTest" is-config="true" duration-ms="3075" started-at="2020-03-18T05:55:11Z" finished-at="2020-03-18T05:55:14Z">
          <reporter-output>
          </reporter-output>
        </test-method> <!-- beforeTest -->
        <test-method status="PASS" signature="f()[pri:0, instance:example.signin@7d68ef40]" name="f" duration-ms="11960" started-at="2020-03-18T05:55:14Z" finished-at="2020-03-18T05:55:26Z">
          <reporter-output>
          </reporter-output>
        </test-method> <!-- f -->
        <test-method status="PASS" signature="afterTest()[pri:0, instance:example.signin@7d68ef40]" name="afterTest" is-config="true" duration-ms="1142" started-at="2020-03-18T05:55:26Z" finished-at="2020-03-18T05:55:28Z">
          <reporter-output>
          </reporter-output>
        </test-method> <!-- afterTest -->
      </class> <!-- example.signin -->
    </test> <!-- Default test -->
  </suite> <!-- Default suite -->
</testng-results>
