<?xml version="1.0" encoding="UTF-8"?>
<testng-results skipped="0" failed="0" total="1" passed="1">
  <reporter-output>
  </reporter-output>
  <suite name="Default suite" duration-ms="18951" started-at="2020-03-18T11:51:11Z" finished-at="2020-03-18T11:51:30Z">
    <groups>
    </groups>
    <test name="Default test" duration-ms="18951" started-at="2020-03-18T11:51:11Z" finished-at="2020-03-18T11:51:30Z">
      <class name="example.Sigin_amazon">
        <test-method status="PASS" signature="beforeTest()[pri:0, instance:example.Sigin_amazon@7d68ef40]" name="beforeTest" is-config="true" duration-ms="2936" started-at="2020-03-18T04:51:11Z" finished-at="2020-03-18T04:51:14Z">
          <reporter-output>
          </reporter-output>
        </test-method> <!-- beforeTest -->
        <test-method status="PASS" signature="f()[pri:0, instance:example.Sigin_amazon@7d68ef40]" name="f" duration-ms="14859" started-at="2020-03-18T04:51:14Z" finished-at="2020-03-18T04:51:29Z">
          <reporter-output>
          </reporter-output>
        </test-method> <!-- f -->
        <test-method status="PASS" signature="afterTest()[pri:0, instance:example.Sigin_amazon@7d68ef40]" name="afterTest" is-config="true" duration-ms="1135" started-at="2020-03-18T04:51:29Z" finished-at="2020-03-18T04:51:30Z">
          <reporter-output>
          </reporter-output>
        </test-method> <!-- afterTest -->
      </class> <!-- example.Sigin_amazon -->
    </test> <!-- Default test -->
  </suite> <!-- Default suite -->
</testng-results>
